<?xml version="1.0" encoding="UTF-8"?>
<!-- Generated by org.testng.reporters.JUnitReportReporter -->
<testsuite hostname="DESKTOP-GQ0KMBK" failures="0" tests="1" name="TestNG.test_Bf_Af_methods" time="16.653" errors="0" timestamp="28 Dec 2022 05:52:03 GMT">
  <testcase classname="TestNG.test_Bf_Af_methods" name="f" time="16.653"/>
</testsuite> <!-- TestNG.test_Bf_Af_methods -->
