<?xml version="1.0" encoding="UTF-8"?>
<!-- Generated by org.testng.reporters.JUnitReportReporter -->
<testsuite hostname="DESKTOP-GQ0KMBK" failures="0" tests="3" name="Reports.ExtentReportDemo" time="21.418" errors="0" timestamp="30 Dec 2022 06:25:03 GMT">
  <testcase classname="Reports.ExtentReportDemo" name="nopcommerceLogin" time="5.220"/>
  <testcase classname="Reports.ExtentReportDemo" name="verifynopcommerceTitle" time="5.724"/>
  <testcase classname="Reports.ExtentReportDemo" name="VerifynopcommerceLogo" time="10.474"/>
</testsuite> <!-- Reports.ExtentReportDemo -->
