<?xml version="1.0" encoding="UTF-8"?>
<!-- Generated by org.testng.reporters.JUnitReportReporter -->
<testsuite hostname="DESKTOP-GQ0KMBK" failures="0" tests="1" name="com.internetBanking.testData.OrangeHrm" time="27.870" errors="0" timestamp="30 Dec 2022 09:46:05 GMT">
  <testcase classname="com.internetBanking.testData.OrangeHrm" name="login_credtinals" time="27.870"/>
</testsuite> <!-- com.internetBanking.testData.OrangeHrm -->
