<?xml version="1.0" encoding="UTF-8"?>
<!-- Generated by org.testng.reporters.JUnitReportReporter -->
<testsuite hostname="DESKTOP-GQ0KMBK" failures="0" tests="2" name="Reports.ExtentReportsDemoWithTestNG" time="50.609" errors="0" timestamp="27 Dec 2022 16:57:51 GMT">
  <testcase classname="Reports.ExtentReportsDemoWithTestNG" name="testOnUrl" time="50.562"/>
  <testcase classname="Reports.ExtentReportsDemoWithTestNG" name="test2" time="0.047"/>
</testsuite> <!-- Reports.ExtentReportsDemoWithTestNG -->
