<?xml version="1.0" encoding="UTF-8"?>
<!-- Generated by org.testng.reporters.JUnitReportReporter -->
<testsuite hostname="DESKTOP-GQ0KMBK" failures="0" tests="1" name="com.internetBanking.testCases.TC_LoginTest_001" time="6.898" errors="0" timestamp="12 Jan 2023 09:20:45 GMT">
  <testcase classname="com.internetBanking.testCases.TC_LoginTest_001" name="loginTest" time="6.898"/>
</testsuite> <!-- com.internetBanking.testCases.TC_LoginTest_001 -->
