<?xml version="1.0" encoding="UTF-8"?>
<!-- Generated by org.testng.reporters.JUnitReportReporter -->
<testsuite hostname="DESKTOP-GQ0KMBK" failures="0" tests="1" name="com.internetBanking.testCases.TC_AddcustomerTest_003" time="13.422" errors="0" timestamp="12 Jan 2023 09:38:26 GMT">
  <testcase classname="com.internetBanking.testCases.TC_AddcustomerTest_003" name="addnewcustomer" time="13.422"/>
</testsuite> <!-- com.internetBanking.testCases.TC_AddcustomerTest_003 -->
