<?xml version="1.0" encoding="UTF-8"?>
<!-- Generated by org.testng.reporters.JUnitReportReporter -->
<testsuite hostname="DESKTOP-GQ0KMBK" failures="0" tests="2" name="Reports.ExtentReportsClass" time="25.015" errors="0" timestamp="30 Dec 2022 08:58:45 GMT">
  <testcase classname="Reports.ExtentReportsClass" name="verifyTitle" time="16.689"/>
  <testcase classname="Reports.ExtentReportsClass" name="verifyLogo" time="8.326"/>
</testsuite> <!-- Reports.ExtentReportsClass -->
