<?xml version="1.0" encoding="UTF-8"?>
<!-- Generated by org.testng.reporters.JUnitReportReporter -->
<testsuite hostname="DESKTOP-GQ0KMBK" failures="0" tests="1" name="TestNG.TEestNGAnnotations" time="0.017" errors="0" timestamp="28 Dec 2022 05:54:59 GMT">
  <testcase classname="TestNG.TEestNGAnnotations" name="testCase1" time="0.017"/>
</testsuite> <!-- TestNG.TEestNGAnnotations -->
