<?xml version="1.0" encoding="UTF-8"?>
<!-- Generated by org.testng.reporters.JUnitReportReporter -->
<testsuite hostname="DESKTOP-GQ0KMBK" failures="0" tests="1" name="com.internetBanking.testCases.TC_AddcustomerTest_003" time="19.944" errors="0" timestamp="15 Jan 2023 04:24:30 GMT">
  <testcase classname="com.internetBanking.testCases.TC_AddcustomerTest_003" name="addnewcustomer" time="19.944"/>
</testsuite> <!-- com.internetBanking.testCases.TC_AddcustomerTest_003 -->
